<?xml version="1.0" encoding="UTF-8"?>
<!-- Generated by org.testng.reporters.JUnitXMLReporter -->
<testsuite ignored="0" hostname="DESKTOP-RI8D5JB" failures="0" tests="2" name="ChromeTest" time="11.862" errors="0" timestamp="2022-05-31T14:33:35 IST">
  <testcase classname="Com.SauceDemo.TestClassess.TC01LoginFunctionality" name="loginFunctionality" time="0.021"/>
  <testcase classname="Com.SauceDemo.TestClassess.TC02verifySingleProductSelectOrNot" name="singleProduct" time="1.913"/>
</testsuite> <!-- ChromeTest -->
