<?xml version="1.0" encoding="UTF-8"?>
<!-- Generated by org.testng.reporters.JUnitXMLReporter -->
<testsuite ignored="0" hostname="DESKTOP-RI8D5JB" failures="0" tests="2" name="EdgeTest" time="14.752" errors="0" timestamp="2022-05-31T14:33:50 IST">
  <testcase classname="Com.SauceDemo.TestClassess.TC01LoginFunctionality" name="loginFunctionality" time="0.013"/>
  <testcase classname="Com.SauceDemo.TestClassess.TC02verifySingleProductSelectOrNot" name="singleProduct" time="3.986"/>
</testsuite> <!-- EdgeTest -->
