<?xml version="1.0" encoding="UTF-8"?>
<testng-results ignored="0" total="6" passed="6" failed="0" skipped="0">
  <reporter-output>
  </reporter-output>
  <suite started-at="2022-05-31T14:33:23 IST" name="Suite" finished-at="2022-05-31T14:34:15 IST" duration-ms="51544">
    <groups>
    </groups>
    <test started-at="2022-05-31T14:33:23 IST" name="ChromeTest" finished-at="2022-05-31T14:33:35 IST" duration-ms="11862">
      <class name="Com.SauceDemo.TestClassess.TC02verifySingleProductSelectOrNot">
        <test-method is-config="true" signature="openBrowser(java.lang.String)[pri:0, instance:Com.SauceDemo.TestClassess.TC02verifySingleProductSelectOrNot@4a7f959b]" started-at="2022-05-31T14:33:23 IST" name="openBrowser" finished-at="2022-05-31T14:33:30 IST" duration-ms="6278" status="PASS">
          <params>
            <param index="0">
              <value>
                <![CDATA[chrome]]>
              </value>
            </param>
          </params>
          <reporter-output>
          </reporter-output>
        </test-method> <!-- openBrowser -->
        <test-method is-config="true" signature="setUp()[pri:0, instance:Com.SauceDemo.TestClassess.TC02verifySingleProductSelectOrNot@4a7f959b]" started-at="2022-05-31T14:33:30 IST" name="setUp" finished-at="2022-05-31T14:33:33 IST" duration-ms="3104" status="PASS">
          <reporter-output>
          </reporter-output>
        </test-method> <!-- setUp -->
        <test-method signature="singleProduct()[pri:0, instance:Com.SauceDemo.TestClassess.TC02verifySingleProductSelectOrNot@4a7f959b]" started-at="2022-05-31T14:33:33 IST" name="singleProduct" finished-at="2022-05-31T14:33:35 IST" duration-ms="1913" status="PASS">
          <reporter-output>
          </reporter-output>
        </test-method> <!-- singleProduct -->
        <test-method is-config="true" signature="tearDown()[pri:0, instance:Com.SauceDemo.TestClassess.TC02verifySingleProductSelectOrNot@4a7f959b]" started-at="2022-05-31T14:33:35 IST" name="tearDown" finished-at="2022-05-31T14:33:35 IST" duration-ms="220" status="PASS">
          <reporter-output>
          </reporter-output>
        </test-method> <!-- tearDown -->
        <test-method is-config="true" signature="browserClosed()[pri:0, instance:Com.SauceDemo.TestClassess.TC02verifySingleProductSelectOrNot@4a7f959b]" started-at="2022-05-31T14:33:35 IST" name="browserClosed" finished-at="2022-05-31T14:33:35 IST" duration-ms="315" status="PASS">
          <reporter-output>
          </reporter-output>
        </test-method> <!-- browserClosed -->
      </class> <!-- Com.SauceDemo.TestClassess.TC02verifySingleProductSelectOrNot -->
      <class name="Com.SauceDemo.TestClassess.TC01LoginFunctionality">
        <test-method is-config="true" signature="openBrowser(java.lang.String)[pri:0, instance:Com.SauceDemo.TestClassess.TC01LoginFunctionality@759d26fb]" started-at="2022-05-31T14:33:23 IST" name="openBrowser" finished-at="2022-05-31T14:33:29 IST" duration-ms="5719" status="PASS">
          <params>
            <param index="0">
              <value>
                <![CDATA[chrome]]>
              </value>
            </param>
          </params>
          <reporter-output>
          </reporter-output>
        </test-method> <!-- openBrowser -->
        <test-method is-config="true" signature="setUp()[pri:0, instance:Com.SauceDemo.TestClassess.TC01LoginFunctionality@759d26fb]" started-at="2022-05-31T14:33:29 IST" name="setUp" finished-at="2022-05-31T14:33:32 IST" duration-ms="3057" status="PASS">
          <reporter-output>
          </reporter-output>
        </test-method> <!-- setUp -->
        <test-method signature="loginFunctionality()[pri:0, instance:Com.SauceDemo.TestClassess.TC01LoginFunctionality@759d26fb]" started-at="2022-05-31T14:33:32 IST" name="loginFunctionality" finished-at="2022-05-31T14:33:32 IST" duration-ms="21" status="PASS">
          <reporter-output>
          </reporter-output>
        </test-method> <!-- loginFunctionality -->
        <test-method is-config="true" signature="tearDown()[pri:0, instance:Com.SauceDemo.TestClassess.TC01LoginFunctionality@759d26fb]" started-at="2022-05-31T14:33:32 IST" name="tearDown" finished-at="2022-05-31T14:33:33 IST" duration-ms="338" status="PASS">
          <reporter-output>
          </reporter-output>
        </test-method> <!-- tearDown -->
        <test-method is-config="true" signature="browserClosed()[pri:0, instance:Com.SauceDemo.TestClassess.TC01LoginFunctionality@759d26fb]" started-at="2022-05-31T14:33:33 IST" name="browserClosed" finished-at="2022-05-31T14:33:33 IST" duration-ms="424" status="PASS">
          <reporter-output>
          </reporter-output>
        </test-method> <!-- browserClosed -->
      </class> <!-- Com.SauceDemo.TestClassess.TC01LoginFunctionality -->
    </test> <!-- ChromeTest -->
    <test started-at="2022-05-31T14:33:35 IST" name="EdgeTest" finished-at="2022-05-31T14:33:50 IST" duration-ms="14752">
      <class name="Com.SauceDemo.TestClassess.TC02verifySingleProductSelectOrNot">
        <test-method is-config="true" signature="openBrowser(java.lang.String)[pri:0, instance:Com.SauceDemo.TestClassess.TC02verifySingleProductSelectOrNot@4fb3ee4e]" started-at="2022-05-31T14:33:35 IST" name="openBrowser" finished-at="2022-05-31T14:33:41 IST" duration-ms="5923" status="PASS">
          <params>
            <param index="0">
              <value>
                <![CDATA[edge]]>
              </value>
            </param>
          </params>
          <reporter-output>
          </reporter-output>
        </test-method> <!-- openBrowser -->
        <test-method is-config="true" signature="setUp()[pri:0, instance:Com.SauceDemo.TestClassess.TC02verifySingleProductSelectOrNot@4fb3ee4e]" started-at="2022-05-31T14:33:41 IST" name="setUp" finished-at="2022-05-31T14:33:45 IST" duration-ms="3937" status="PASS">
          <reporter-output>
          </reporter-output>
        </test-method> <!-- setUp -->
        <test-method signature="singleProduct()[pri:0, instance:Com.SauceDemo.TestClassess.TC02verifySingleProductSelectOrNot@4fb3ee4e]" started-at="2022-05-31T14:33:45 IST" name="singleProduct" finished-at="2022-05-31T14:33:49 IST" duration-ms="3986" status="PASS">
          <reporter-output>
          </reporter-output>
        </test-method> <!-- singleProduct -->
        <test-method is-config="true" signature="tearDown()[pri:0, instance:Com.SauceDemo.TestClassess.TC02verifySingleProductSelectOrNot@4fb3ee4e]" started-at="2022-05-31T14:33:49 IST" name="tearDown" finished-at="2022-05-31T14:33:49 IST" duration-ms="281" status="PASS">
          <reporter-output>
          </reporter-output>
        </test-method> <!-- tearDown -->
        <test-method is-config="true" signature="browserClosed()[pri:0, instance:Com.SauceDemo.TestClassess.TC02verifySingleProductSelectOrNot@4fb3ee4e]" started-at="2022-05-31T14:33:49 IST" name="browserClosed" finished-at="2022-05-31T14:33:50 IST" duration-ms="618" status="PASS">
          <reporter-output>
          </reporter-output>
        </test-method> <!-- browserClosed -->
      </class> <!-- Com.SauceDemo.TestClassess.TC02verifySingleProductSelectOrNot -->
      <class name="Com.SauceDemo.TestClassess.TC01LoginFunctionality">
        <test-method is-config="true" signature="openBrowser(java.lang.String)[pri:0, instance:Com.SauceDemo.TestClassess.TC01LoginFunctionality@f5acb9d]" started-at="2022-05-31T14:33:35 IST" name="openBrowser" finished-at="2022-05-31T14:33:43 IST" duration-ms="7730" status="PASS">
          <params>
            <param index="0">
              <value>
                <![CDATA[edge]]>
              </value>
            </param>
          </params>
          <reporter-output>
          </reporter-output>
        </test-method> <!-- openBrowser -->
        <test-method is-config="true" signature="setUp()[pri:0, instance:Com.SauceDemo.TestClassess.TC01LoginFunctionality@f5acb9d]" started-at="2022-05-31T14:33:43 IST" name="setUp" finished-at="2022-05-31T14:33:47 IST" duration-ms="3949" status="PASS">
          <reporter-output>
          </reporter-output>
        </test-method> <!-- setUp -->
        <test-method signature="loginFunctionality()[pri:0, instance:Com.SauceDemo.TestClassess.TC01LoginFunctionality@f5acb9d]" started-at="2022-05-31T14:33:47 IST" name="loginFunctionality" finished-at="2022-05-31T14:33:47 IST" duration-ms="13" status="PASS">
          <reporter-output>
          </reporter-output>
        </test-method> <!-- loginFunctionality -->
        <test-method is-config="true" signature="tearDown()[pri:0, instance:Com.SauceDemo.TestClassess.TC01LoginFunctionality@f5acb9d]" started-at="2022-05-31T14:33:47 IST" name="tearDown" finished-at="2022-05-31T14:33:47 IST" duration-ms="430" status="PASS">
          <reporter-output>
          </reporter-output>
        </test-method> <!-- tearDown -->
        <test-method is-config="true" signature="browserClosed()[pri:0, instance:Com.SauceDemo.TestClassess.TC01LoginFunctionality@f5acb9d]" started-at="2022-05-31T14:33:47 IST" name="browserClosed" finished-at="2022-05-31T14:33:49 IST" duration-ms="1110" status="PASS">
          <reporter-output>
          </reporter-output>
        </test-method> <!-- browserClosed -->
      </class> <!-- Com.SauceDemo.TestClassess.TC01LoginFunctionality -->
    </test> <!-- EdgeTest -->
    <test started-at="2022-05-31T14:33:50 IST" name="FireFocxTest" finished-at="2022-05-31T14:34:15 IST" duration-ms="24891">
      <class name="Com.SauceDemo.TestClassess.TC02verifySingleProductSelectOrNot">
        <test-method is-config="true" signature="openBrowser(java.lang.String)[pri:0, instance:Com.SauceDemo.TestClassess.TC02verifySingleProductSelectOrNot@21e360a]" started-at="2022-05-31T14:33:50 IST" name="openBrowser" finished-at="2022-05-31T14:34:06 IST" duration-ms="16365" status="PASS">
          <params>
            <param index="0">
              <value>
                <![CDATA[firefox]]>
              </value>
            </param>
          </params>
          <reporter-output>
          </reporter-output>
        </test-method> <!-- openBrowser -->
        <test-method is-config="true" signature="setUp()[pri:0, instance:Com.SauceDemo.TestClassess.TC02verifySingleProductSelectOrNot@21e360a]" started-at="2022-05-31T14:34:06 IST" name="setUp" finished-at="2022-05-31T14:34:10 IST" duration-ms="3293" status="PASS">
          <reporter-output>
          </reporter-output>
        </test-method> <!-- setUp -->
        <test-method signature="singleProduct()[pri:0, instance:Com.SauceDemo.TestClassess.TC02verifySingleProductSelectOrNot@21e360a]" started-at="2022-05-31T14:34:10 IST" name="singleProduct" finished-at="2022-05-31T14:34:12 IST" duration-ms="2678" status="PASS">
          <reporter-output>
          </reporter-output>
        </test-method> <!-- singleProduct -->
        <test-method is-config="true" signature="tearDown()[pri:0, instance:Com.SauceDemo.TestClassess.TC02verifySingleProductSelectOrNot@21e360a]" started-at="2022-05-31T14:34:12 IST" name="tearDown" finished-at="2022-05-31T14:34:13 IST" duration-ms="617" status="PASS">
          <reporter-output>
          </reporter-output>
        </test-method> <!-- tearDown -->
        <test-method is-config="true" signature="browserClosed()[pri:0, instance:Com.SauceDemo.TestClassess.TC02verifySingleProductSelectOrNot@21e360a]" started-at="2022-05-31T14:34:13 IST" name="browserClosed" finished-at="2022-05-31T14:34:15 IST" duration-ms="1932" status="PASS">
          <reporter-output>
          </reporter-output>
        </test-method> <!-- browserClosed -->
      </class> <!-- Com.SauceDemo.TestClassess.TC02verifySingleProductSelectOrNot -->
      <class name="Com.SauceDemo.TestClassess.TC01LoginFunctionality">
        <test-method is-config="true" signature="openBrowser(java.lang.String)[pri:0, instance:Com.SauceDemo.TestClassess.TC01LoginFunctionality@7bd4937b]" started-at="2022-05-31T14:33:50 IST" name="openBrowser" finished-at="2022-05-31T14:34:06 IST" duration-ms="16371" status="PASS">
          <params>
            <param index="0">
              <value>
                <![CDATA[firefox]]>
              </value>
            </param>
          </params>
          <reporter-output>
          </reporter-output>
        </test-method> <!-- openBrowser -->
        <test-method is-config="true" signature="setUp()[pri:0, instance:Com.SauceDemo.TestClassess.TC01LoginFunctionality@7bd4937b]" started-at="2022-05-31T14:34:06 IST" name="setUp" finished-at="2022-05-31T14:34:10 IST" duration-ms="3117" status="PASS">
          <reporter-output>
          </reporter-output>
        </test-method> <!-- setUp -->
        <test-method signature="loginFunctionality()[pri:0, instance:Com.SauceDemo.TestClassess.TC01LoginFunctionality@7bd4937b]" started-at="2022-05-31T14:34:10 IST" name="loginFunctionality" finished-at="2022-05-31T14:34:10 IST" duration-ms="7" status="PASS">
          <reporter-output>
          </reporter-output>
        </test-method> <!-- loginFunctionality -->
        <test-method is-config="true" signature="tearDown()[pri:0, instance:Com.SauceDemo.TestClassess.TC01LoginFunctionality@7bd4937b]" started-at="2022-05-31T14:34:10 IST" name="tearDown" finished-at="2022-05-31T14:34:10 IST" duration-ms="585" status="PASS">
          <reporter-output>
          </reporter-output>
        </test-method> <!-- tearDown -->
        <test-method is-config="true" signature="browserClosed()[pri:0, instance:Com.SauceDemo.TestClassess.TC01LoginFunctionality@7bd4937b]" started-at="2022-05-31T14:34:10 IST" name="browserClosed" finished-at="2022-05-31T14:34:14 IST" duration-ms="3766" status="PASS">
          <reporter-output>
          </reporter-output>
        </test-method> <!-- browserClosed -->
      </class> <!-- Com.SauceDemo.TestClassess.TC01LoginFunctionality -->
    </test> <!-- FireFocxTest -->
  </suite> <!-- Suite -->
</testng-results>
